Magma V2.23-9     Thu Nov  9 2023 10:03:52 on hegel    [Seed = 2225922909]

+-------------------------------------------------------------------+
|       This copy of Magma has been made available through a        |
|                   generous initiative of the                      |
|                                                                   |
|                         Simons Foundation                         |
|                                                                   |
| covering U.S. Colleges, Universities, Nonprofit Research entities,|
|               and their students, faculty, and staff              |
+-------------------------------------------------------------------+

Type ? for help.  Type <Ctrl>-D to quit.
****** the 24 curves of type 2C/2G/2H are ******
24
******* Given the 24 X/F_2 smooth ordinary with charpoly(rho_{3}(Frob_2)) of 
type 2C/6G/6H  ****
******* the possible Jac(F4)[3^oo] are ******
 the trivial group occurs this many times: 
0
 the group (Z/3Z)^2 occurs this many times: 
24
******* Given the 24 X/F_2 smooth ordinary with charpoly(rho_{3}(Frob_2)) of 
type 2D/6I  ****
24
******* the possible Jac(F4)[3^oo] are ******
 the trivial group occurs this many times: 
0
 the group (Z/3Z)^2 occurs this many times: 
24

Total time: 0.830 seconds, Total memory usage: 32.09MB
