Magma V2.23-9     Fri Jul 14 2023 01:32:43 on hegel    [Seed = 3778374051]

+-------------------------------------------------------------------+
|       This copy of Magma has been made available through a        |
|                   generous initiative of the                      |
|                                                                   |
|                         Simons Foundation                         |
|                                                                   |
| covering U.S. Colleges, Universities, Nonprofit Research entities,|
|               and their students, faculty, and staff              |
+-------------------------------------------------------------------+

Type ? for help.  Type <Ctrl>-D to quit.
Abelian Group isomorphic to Z/3 + Z/3
Defined on 2 generators
Relations:
    3*BBB.1 = 0
    3*BBB.2 = 0
[
    <t^2 + 2/3*t + 1/3, 2>
]
t^6 + t^4 + t^2 + 1
Abelian Group isomorphic to Z/3 + Z/3
Defined on 2 generators in supergroup BB:
    BBB.1 = BB.1
    BBB.2 = BB.2
Relations:
    3*BBB.1 = 0
    3*BBB.2 = 0
[
    <t^2 - 1/3*t + 1/3, 2>
]
t^6 + t^4 + t^2 + 2
Abelian Group isomorphic to Z/5 + Z/5
Defined on 2 generators in supergroup BB:
    BBB.1 = BB.1
    BBB.2 = BB.2
Relations:
    5*BBB.1 = 0
    5*BBB.2 = 0
[
    <t^2 + 1/3*t + 1/3, 2>
]
t^6 + 2*t^4 + 2*t^2 + 2
Abelian Group isomorphic to Z/5 + Z/5
Defined on 2 generators in supergroup BB:
    BBB.1 = BB.1
    BBB.2 = BB.2
Relations:
    5*BBB.1 = 0
    5*BBB.2 = 0
[
    <t^2 + 1/3*t + 1/3, 2>
]
t^6 + 2*t^4 + t^3 + 2*t^2 + 1
Abelian Group isomorphic to Z/5 + Z/5
Defined on 2 generators in supergroup BB:
    BBB.1 = BB.1
    BBB.2 = BB.2
Relations:
    5*BBB.1 = 0
    5*BBB.2 = 0
[
    <t^2 + 1/3*t + 1/3, 2>
]
t^6 + 2*t^4 + 2*t^3 + 2*t^2 + 1
Abelian Group isomorphic to Z/3 + Z/3
Defined on 2 generators in supergroup BB:
    BBB.1 = BB.1
    BBB.2 = BB.2
Relations:
    3*BBB.1 = 0
    3*BBB.2 = 0
[
    <t^2 - 1/3*t + 1/3, 2>
]
2*t^6 + t^4 + t^2 + 1
Abelian Group isomorphic to Z/3 + Z/3
Defined on 2 generators in supergroup BB:
    BBB.1 = BB.1
    BBB.2 = BB.2
Relations:
    3*BBB.1 = 0
    3*BBB.2 = 0
[
    <t^2 - 1/3*t + 1/3, 2>
]
2*t^6 + t^4 + t^3 + t^2 + 2
Abelian Group isomorphic to Z/3 + Z/3
Defined on 2 generators in supergroup BB:
    BBB.1 = BB.1
    BBB.2 = BB.2
Relations:
    3*BBB.1 = 0
    3*BBB.2 = 0
[
    <t^2 - 1/3*t + 1/3, 2>
]
2*t^6 + t^4 + 2*t^3 + t^2 + 2
Abelian Group isomorphic to Z/5 + Z/5
Defined on 2 generators in supergroup BB:
    BBB.1 = BB.1
    BBB.2 = BB.2
Relations:
    5*BBB.1 = 0
    5*BBB.2 = 0
[
    <t^2 + 1/3*t + 1/3, 2>
]
2*t^6 + 2*t^4 + 2*t^2 + 1
[]
9
[
    t^6 + t^4 + t^2 + 1,
    t^6 + t^4 + t^2 + 2,
    t^6 + 2*t^4 + 2*t^2 + 2,
    t^6 + 2*t^4 + t^3 + 2*t^2 + 1,
    t^6 + 2*t^4 + 2*t^3 + 2*t^2 + 1,
    2*t^6 + t^4 + t^2 + 1,
    2*t^6 + t^4 + t^3 + t^2 + 2,
    2*t^6 + t^4 + 2*t^3 + t^2 + 2,
    2*t^6 + 2*t^4 + 2*t^2 + 1
]

Total time: 1.350 seconds, Total memory usage: 32.09MB
