Magma V2.23-9     Sat Jul 22 2023 14:56:52 on hegel    [Seed = 4179732812]

+-------------------------------------------------------------------+
|       This copy of Magma has been made available through a        |
|                   generous initiative of the                      |
|                                                                   |
|                         Simons Foundation                         |
|                                                                   |
| covering U.S. Colleges, Universities, Nonprofit Research entities,|
|               and their students, faculty, and staff              |
+-------------------------------------------------------------------+

Type ? for help.  Type <Ctrl>-D to quit.
Group G is 2.U4(2) < Sym(80)
Group PG is U4(2) < Sym(40)
Group H is U4(2) < Sym(27)
*******action on 80 points is transitive******
[ 133, 160 ]
[ 141, 240 ]
[ 148, 320 ]
[ 153, 720 ]
[ 159, 1440 ]
[ 161, 1920 ]
[ 162, 51840 ]
*******action on 27 points is transitive******
[ 50, 27 ]
[ 52, 27 ]
[ 74, 54 ]
[ 79, 81 ]
[ 93, 108 ]
[ 97, 162 ]
[ 104, 216 ]
[ 106, 324 ]
[ 111, 648 ]
[ 112, 648 ]
[ 116, 25920 ]
******action on 27 points has orbits [12,15]******
[ 96, 120 ]
[ 113, 720 ]
********attempted pairs of orbits *********
[ 1, 1, 1 ]
[
    [ 1, 1, 1, 1, 1, 1, 1, 1, 1, 1, 1, 1, 1, 1, 1, 1, 1, 1, 1, 1, 1, 1, 1, 1, 1,
    1, 1, 1, 1, 1, 1, 1, 1, 1, 1, 1, 1, 1, 1, 1 ],
    [ 1, 1, 1, 1, 1, 1, 1, 1, 1, 1, 1, 1, 1, 1, 1, 1, 1, 1, 1, 1, 1, 1, 1, 1, 1,
    1, 1 ]
]
[ 2, 2, 2 ]
[
    [ 1, 1, 1, 1, 1, 1, 1, 1, 2, 2, 2, 2, 2, 2, 2, 2, 2, 2, 2, 2, 2, 2, 2, 2 ],
    [ 1, 1, 1, 2, 2, 2, 2, 2, 2, 2, 2, 2, 2, 2, 2 ]
]
[ 3, 2, 2 ]
[
    [ 2, 2, 2, 2, 2, 2, 2, 2, 2, 2, 2, 2, 2, 2, 2, 2, 2, 2, 2, 2 ],
    [ 1, 1, 1, 1, 1, 1, 1, 2, 2, 2, 2, 2, 2, 2, 2, 2, 2 ]
]
[ 4, 3, 3 ]
[
    [ 1, 1, 1, 1, 1, 1, 1, 1, 1, 1, 1, 1, 1, 3, 3, 3, 3, 3, 3, 3, 3, 3 ],
    [ 3, 3, 3, 3, 3, 3, 3, 3, 3 ]
]
[ 5, 3, 3 ]
[
    [ 1, 1, 1, 1, 3, 3, 3, 3, 3, 3, 3, 3, 3, 3, 3, 3 ],
    [ 1, 1, 1, 1, 1, 1, 1, 1, 1, 3, 3, 3, 3, 3, 3 ]
]
[ 6, 3, 3 ]
[
    [ 1, 1, 1, 1, 3, 3, 3, 3, 3, 3, 3, 3, 3, 3, 3, 3 ],
    [ 3, 3, 3, 3, 3, 3, 3, 3, 3 ]
]
[ 7, 5, 5 ]
[
    [ 5, 5, 5, 5, 5, 5, 5, 5 ],
    [ 1, 1, 5, 5, 5, 5, 5 ]
]
[ 8, 4, 4 ]
[
    [ 1, 1, 1, 1, 2, 2, 4, 4, 4, 4, 4, 4, 4, 4 ],
    [ 1, 1, 1, 4, 4, 4, 4, 4, 4 ]
]
[ 9, 4, 4 ]
[
    [ 4, 4, 4, 4, 4, 4, 4, 4, 4, 4 ],
    [ 1, 1, 1, 1, 1, 2, 2, 2, 4, 4, 4, 4 ]
]
[ 10, 4, 4 ]
[
    [ 2, 2, 2, 2, 2, 2, 2, 2, 4, 4, 4, 4, 4, 4 ],
    [ 1, 2, 2, 2, 2, 2, 4, 4, 4, 4 ]
]
[ 11, 4, 4 ]
[
    [ 2, 2, 2, 2, 4, 4, 4, 4, 4, 4, 4, 4 ],
    [ 1, 1, 1, 2, 2, 2, 2, 4, 4, 4, 4 ]
]
[ 12, 4, 4 ]
[
    [ 4, 4, 4, 4, 4, 4, 4, 4, 4, 4 ],
    [ 1, 1, 1, 2, 2, 2, 2, 2, 2, 4, 4, 4 ]
]
[ 13, 4, 4 ]
[
    [ 4, 4, 4, 4, 4, 4, 4, 4, 4, 4 ],
    [ 1, 2, 2, 2, 4, 4, 4, 4, 4 ]
]
[ 14, 6, 6 ]
[
    [ 1, 1, 2, 3, 3, 3, 3, 3, 3, 6, 6, 6 ],
    [ 3, 3, 3, 6, 6, 6 ]
]
[ 15, 6, 6 ]
[
    [ 1, 1, 1, 1, 1, 2, 2, 2, 2, 3, 6, 6, 6, 6 ],
    [ 3, 6, 6, 6, 6 ]
]
[ 16, 6, 6 ]
[
    [ 1, 1, 2, 3, 3, 6, 6, 6, 6, 6 ],
    [ 3, 6, 6, 6, 6 ]
]
[ 17, 6, 6 ]
[
    [ 1, 1, 2, 3, 3, 6, 6, 6, 6, 6 ],
    [ 1, 1, 1, 2, 2, 2, 6, 6, 6 ]
]
[ 18, 6, 6 ]
[
    [ 2, 2, 6, 6, 6, 6, 6, 6 ],
    [ 1, 1, 1, 2, 2, 2, 3, 3, 3, 3, 6 ]
]
[ 19, 6, 6 ]
[
    [ 2, 2, 6, 6, 6, 6, 6, 6 ],
    [ 3, 3, 3, 3, 3, 3, 3, 6 ]
]
[ 20, 6, 6 ]
[
    [ 2, 2, 6, 6, 6, 6, 6, 6 ],
    [ 1, 2, 2, 2, 2, 3, 3, 6, 6 ]
]
[ 21, 9, 9 ]
[
    [ 1, 1, 1, 1, 9, 9, 9, 9 ],
    [ 3, 3, 3, 3, 3, 3, 9 ]
]
[ 22, 9, 9 ]
[
    [ 1, 1, 1, 1, 3, 3, 3, 9, 9, 9 ],
    [ 9, 9, 9 ]
]
[ 23, 9, 9 ]
[
    [ 1, 1, 1, 1, 3, 3, 3, 3, 3, 3, 9, 9 ],
    [ 3, 3, 3, 9, 9 ]
]
[ 24, 9, 9 ]
[
    [ 1, 3, 3, 3, 3, 9, 9, 9 ],
    [ 9, 9, 9 ]
]
[ 25, 10, 10 ]
[
    [ 10, 10, 10, 10 ],
    [ 1, 1, 5, 5, 5, 5, 5 ]
]
[ 26, 8, 8 ]
[
    [ 1, 1, 1, 1, 4, 8, 8, 8, 8 ],
    [ 1, 1, 1, 8, 8, 8 ]
]
[ 27, 8, 8 ]
[
    [ 4, 4, 8, 8, 8, 8 ],
    [ 1, 1, 1, 2, 2, 2, 2, 8, 8 ]
]
[ 28, 8, 8 ]
[
    [ 4, 4, 8, 8, 8, 8 ],
    [ 1, 1, 1, 4, 4, 4, 4, 4, 4 ]
]
[ 29, 8, 8 ]
[
    [ 4, 4, 4, 4, 4, 4, 8, 8 ],
    [ 1, 2, 2, 2, 2, 2, 8, 8 ]
]
[ 30, 8, 8 ]
[
    [ 2, 2, 2, 2, 8, 8, 8, 8 ],
    [ 1, 1, 1, 4, 4, 8, 8 ]
]
[ 31, 8, 8 ]
[
    [ 4, 4, 8, 8, 8, 8 ],
    [ 1, 2, 4, 4, 8, 8 ]
]
[ 32, 8, 8 ]
[
    [ 2, 2, 4, 8, 8, 8, 8 ],
    [ 1, 1, 1, 4, 4, 4, 4, 8 ]
]
[ 33, 8, 8 ]
[
    [ 4, 4, 4, 4, 8, 8, 8 ],
    [ 1, 2, 4, 4, 4, 4, 8 ]
]
[ 34, 8, 8 ]
[
    [ 8, 8, 8, 8, 8 ],
    [ 1, 2, 2, 2, 4, 4, 4, 8 ]
]
[ 35, 12, 12 ]
[
    [ 4, 4, 4, 4, 12, 12 ],
    [ 1, 1, 1, 1, 1, 4, 4, 4, 4, 6 ]
]
[ 36, 12, 12 ]
[
    [ 4, 4, 4, 4, 12, 12 ],
    [ 3, 6, 6, 12 ]
]
[ 37, 12, 12 ]
[
    [ 2, 2, 6, 6, 6, 6, 12 ],
    [ 3, 6, 6, 6, 6 ]
]
[ 38, 12, 12 ]
[
    [ 1, 2, 2, 3, 4, 4, 12, 12 ],
    [ 3, 12, 12 ]
]
[ 39, 12, 12 ]
[
    [ 4, 12, 12, 12 ],
    [ 1, 4, 4, 6, 12 ]
]
[ 40, 12, 12 ]
[
    [ 2, 2, 6, 6, 12, 12 ],
    [ 1, 2, 2, 4, 6, 12 ]
]
[ 41, 12, 12 ]
[
    [ 4, 12, 12, 12 ],
    [ 1, 2, 2, 3, 3, 4, 6, 6 ]
]
[ 42, 18, 18 ]
[
    [ 2, 2, 18, 18 ],
    [ 3, 3, 3, 3, 3, 3, 9 ]
]
[ 43, 18, 18 ]
[
    [ 1, 1, 2, 9, 9, 18 ],
    [ 6, 6, 6, 9 ]
]
[ 44, 18, 18 ]
[
    [ 1, 1, 2, 6, 6, 6, 9, 9 ],
    [ 3, 3, 3, 18 ]
]
[ 45, 18, 18 ]
[
    [ 1, 1, 2, 3, 3, 3, 9, 18 ],
    [ 9, 18 ]
]
[ 46, 18, 18 ]
[
    [ 1, 1, 2, 3, 3, 6, 6, 18 ],
    [ 3, 6, 18 ]
]
[ 47, 18, 18 ]
[
    [ 2, 2, 6, 6, 6, 18 ],
    [ 3, 6, 9, 9 ]
]
[ 48, 18, 18 ]
[
    [ 2, 2, 18, 18 ],
    [ 3, 3, 6, 6, 9 ]
]
[ 49, 20, 20 ]
[
    [ 20, 20 ],
    [ 2, 5, 10, 10 ]
]
[ 50, 27, 27 ]
[
    [ 1, 3, 3, 3, 3, 27 ],
    [ 27 ]
]
[ 51, 27, 27 ]
[
    [ 1, 1, 1, 1, 9, 9, 9, 9 ],
    [ 9, 9, 9 ]
]
[ 52, 27, 27 ]
[
    [ 1, 3, 9, 27 ],
    [ 27 ]
]
[ 53, 16, 16 ]
[
    [ 8, 8, 8, 8, 8 ],
    [ 1, 2, 2, 2, 2, 2, 16 ]
]
[ 54, 16, 16 ]
[
    [ 2, 2, 4, 16, 16 ],
    [ 1, 1, 1, 8, 8, 8 ]
]
[ 55, 16, 16 ]
[
    [ 8, 16, 16 ],
    [ 1, 2, 4, 4, 16 ]
]
[ 56, 16, 16 ]
[
    [ 4, 4, 16, 16 ],
    [ 1, 1, 1, 4, 4, 8, 8 ]
]
[ 57, 16, 16 ]
[
    [ 8, 8, 8, 16 ],
    [ 1, 2, 4, 4, 8, 8 ]
]
[ 58, 16, 16 ]
[
    [ 4, 4, 8, 8, 16 ],
    [ 1, 2, 4, 4, 16 ]
]
[ 59, 24, 24 ]
[
    [ 1, 1, 1, 1, 4, 8, 8, 8, 8 ],
    [ 3, 24 ]
]
[ 60, 24, 24 ]
[
    [ 8, 8, 12, 12 ],
    [ 1, 2, 2, 6, 8, 8 ]
]
[ 61, 24, 24 ]
[
    [ 1, 3, 4, 8, 24 ],
    [ 1, 1, 1, 8, 8, 8 ]
]
[ 62, 24, 24 ]
[
    [ 1, 3, 4, 8, 24 ],
    [ 3, 24 ]
]
[ 63, 24, 24 ]
[
    [ 1, 3, 4, 8, 24 ],
    [ 3, 24 ]
]
[ 64, 24, 24 ]
[
    [ 4, 4, 8, 24 ],
    [ 3, 12, 12 ]
]
[ 65, 24, 24 ]
[
    [ 4, 4, 8, 24 ],
    [ 1, 1, 1, 2, 6, 8, 8 ]
]
[ 66, 24, 24 ]
[
    [ 8, 8, 24 ],
    [ 3, 6, 6, 12 ]
]
[ 67, 24, 24 ]
[
    [ 8, 8, 24 ],
    [ 1, 2, 2, 4, 4, 6, 8 ]
]
[ 68, 24, 24 ]
[
    [ 4, 4, 8, 12, 12 ],
    [ 3, 12, 12 ]
]
[ 69, 24, 24 ]
[
    [ 4, 12, 24 ],
    [ 1, 4, 4, 6, 12 ]
]
[ 70, 36, 36 ]
[
    [ 2, 2, 18, 18 ],
    [ 6, 6, 6, 9 ]
]
[ 71, 36, 36 ]
[
    [ 4, 36 ],
    [ 6, 6, 6, 9 ]
]
[ 72, 36, 36 ]
[
    [ 4, 36 ],
    [ 3, 3, 6, 6, 9 ]
]
[ 73, 36, 36 ]
[
    [ 2, 2, 6, 12, 18 ],
    [ 3, 6, 18 ]
]
[ 74, 54, 54 ]
[
    [ 1, 3, 3, 3, 3, 27 ],
    [ 27 ]
]
[ 75, 54, 54 ]
[
    [ 2, 2, 18, 18 ],
    [ 9, 9, 9 ]
]
[ 76, 54, 54 ]
[
    [ 1, 1, 2, 9, 9, 18 ],
    [ 9, 18 ]
]
[ 77, 60, 60 ]
[
    [ 20, 20 ],
    [ 1, 1, 5, 5, 5, 10 ]
]
[ 78, 60, 60 ]
[
    [ 20, 20 ],
    [ 6, 6, 15 ]
]
[ 79, 81, 81 ]
[
    [ 1, 3, 9, 27 ],
    [ 27 ]
]
[ 80, 32, 32 ]
[
    [ 4, 4, 32 ],
    [ 1, 1, 1, 8, 8, 8 ]
]
[ 81, 32, 32 ]
[
    [ 8, 16, 16 ],
    [ 1, 2, 4, 4, 16 ]
]
[ 82, 32, 32 ]
[
    [ 8, 32 ],
    [ 1, 2, 8, 16 ]
]
[ 83, 48, 48 ]
[
    [ 2, 2, 4, 16, 16 ],
    [ 3, 24 ]
]
[ 84, 48, 48 ]
[
    [ 16, 24 ],
    [ 1, 4, 6, 8, 8 ]
]
[ 85, 48, 48 ]
[
    [ 8, 8, 24 ],
    [ 1, 2, 2, 6, 16 ]
]
[ 86, 48, 48 ]
[
    [ 12, 12, 16 ],
    [ 1, 4, 6, 16 ]
]
[ 87, 48, 48 ]
[
    [ 8, 8, 24 ],
    [ 3, 12, 12 ]
]
[ 88, 72, 72 ]
[
    [ 1, 3, 4, 8, 24 ],
    [ 3, 24 ]
]
[ 89, 72, 72 ]
[
    [ 4, 36 ],
    [ 6, 9, 12 ]
]
[ 90, 80, 80 ]
[
    [ 40 ],
    [ 1, 10, 16 ]
]
[ 91, 108, 108 ]
[
    [ 4, 36 ],
    [ 9, 9, 9 ]
]
[ 92, 108, 108 ]
[
    [ 4, 36 ],
    [ 9, 18 ]
]
[ 93, 108, 108 ]
[
    [ 1, 6, 6, 27 ],
    [ 27 ]
]
[ 94, 108, 108 ]
[
    [ 2, 2, 18, 18 ],
    [ 9, 18 ]
]
[ 95, 120, 120 ]
[
    [ 40 ],
    [ 2, 5, 10, 10 ]
]
[ 96, 120, 120 ]
[
    [ 20, 20 ],
    [ 12, 15 ]
]
[ 97, 162, 162 ]
[
    [ 1, 3, 9, 27 ],
    [ 27 ]
]
[ 98, 64, 64 ]
[
    [ 8, 32 ],
    [ 1, 2, 8, 16 ]
]
[ 99, 96, 96 ]
[
    [ 4, 4, 32 ],
    [ 1, 1, 1, 8, 8, 8 ]
]
[ 100, 96, 96 ]
[
    [ 4, 4, 32 ],
    [ 3, 24 ]
]
[ 101, 96, 96 ]
[
    [ 4, 4, 32 ],
    [ 3, 24 ]
]
[ 102, 96, 96 ]
[
    [ 16, 24 ],
    [ 1, 4, 6, 16 ]
]
[ 103, 160, 160 ]
[
    [ 40 ],
    [ 1, 10, 16 ]
]
[ 104, 216, 216 ]
[
    [ 1, 12, 27 ],
    [ 27 ]
]
[ 105, 216, 216 ]
[
    [ 4, 36 ],
    [ 9, 18 ]
]
[ 106, 324, 324 ]
[
    [ 4, 36 ],
    [ 27 ]
]
[ 107, 360, 360 ]
[
    [ 40 ],
    [ 6, 6, 15 ]
]
[ 108, 192, 192 ]
[
    [ 8, 32 ],
    [ 3, 24 ]
]
[ 109, 192, 192 ]
[
    [ 8, 32 ],
    [ 1, 2, 8, 16 ]
]
[ 110, 288, 288 ]
[
    [ 4, 4, 32 ],
    [ 3, 24 ]
]
[ 111, 648, 648 ]
[
    [ 1, 12, 27 ],
    [ 27 ]
]
[ 112, 648, 648 ]
[
    [ 4, 36 ],
    [ 27 ]
]
[ 113, 720, 720 ]
[
    [ 40 ],
    [ 12, 15 ]
]
[ 114, 576, 576 ]
[
    [ 8, 32 ],
    [ 3, 24 ]
]
[ 115, 960, 960 ]
[
    [ 40 ],
    [ 1, 10, 16 ]
]
[ 116, 25920, 25920 ]
[
    [ 40 ],
    [ 27 ]
]

Total time: 0.430 seconds, Total memory usage: 32.09MB
