Magma V2.23-9     Mon Aug  7 2023 04:54:00 on hegel    [Seed = 2535673049]

+-------------------------------------------------------------------+
|       This copy of Magma has been made available through a        |
|                   generous initiative of the                      |
|                                                                   |
|                         Simons Foundation                         |
|                                                                   |
| covering U.S. Colleges, Universities, Nonprofit Research entities,|
|               and their students, faculty, and staff              |
+-------------------------------------------------------------------+

Type ? for help.  Type <Ctrl>-D to quit.
list the conjugacy classes and orders of regular semisimple elements in Sp4(F3) 
up to conjugation in GSp_4(F3)
[ 12, 5 ]
[ 24, 8 ]
[ 28, 10 ]
16848
16848
reproducing Whitmore's table plus more, 1 means is good
[Gamma', Gamma, reasonable, tidy, regular semisimple]
[ 80, 40, 1, 1, 1 ]
<80, 29>
<40, 3>
[ 64, 32, 1, 1, 0 ]
<64, 258>
<32, 50>
[ 64, 32, 1, 1, 1 ]
<64, 258>
<32, 44>
[ 64, 32, 1, 1, 1 ]
<64, 152>
<32, 8>
[ 64, 32, 1, 1, 1 ]
<64, 152>
<32, 44>
[ 128, 64, 1, 0, 1 ]
<128, 137>
<64, 37>
[ 128, 64, 1, 1, 1 ]
<128, 142>
<64, 37>
[ 128, 64, 1, 1, 1 ]
<128, 2023>
<64, 137>
[ 128, 64, 1, 0, 1 ]
<128, 137>
<64, 137>
[ 192, 96, 0, 1, 1 ]
<192, 1483>
<96, 191>
[ 192, 96, 1, 1, 0 ]
<192, 1485>
<96, 202>
[ 192, 96, 0, 1, 1 ]
<192, 965>
<96, 191>
[ 192, 96, 1, 1, 0 ]
<192, 1018>
<96, 202>
[ 192, 96, 1, 1, 1 ]
<192, 1485>
<96, 190>
[ 480, 240, 0, 1, 1 ]
<480, 947>
<240, 89>
[ 480, 240, 1, 1, 1 ]
<480, 948>
<240, 90>
[ 256, 128, 1, 1, 1 ]
<256, 6671>
<128, 937>
[ 384, 192, 1, 1, 1 ]
<384, 18045>
<192, 989>
[ 640, 320, 1, 0, 1 ]
<640, 21454>
<320, 1581>
[ 768, 384, 1, 1, 1 ]
<768, 1086054>
<384, 18130>
[ 768, 384, 1, 1, 1 ]
<768, 1086054>
<384, 618>
[ 2880, 1440, 0, 1, 1 ]
[ 2304, 1152, 1, 1, 1 ]
[ 3840, 1920, 1, 1, 1 ]
[ 103680, 51840, 1, 1, 1 ]
***the number of groups satisfying all properties is***
15

Total time: 8.320 seconds, Total memory usage: 41.22MB
