Magma V2.23-9     Mon Aug  5 2024 09:26:26 on hegel    [Seed = 3441117856]

+-------------------------------------------------------------------+
|       This copy of Magma has been made available through a        |
|                   generous initiative of the                      |
|                                                                   |
|                         Simons Foundation                         |
|                                                                   |
| covering U.S. Colleges, Universities, Nonprofit Research entities,|
|               and their students, faculty, and staff              |
+-------------------------------------------------------------------+

Type ? for help.  Type <Ctrl>-D to quit.

Loading file "RegularSemisimpleVariant"
list the conjugacy classes and orders of regular semisimple elements in GSp4(F3)
up to conjugation in GSp_4(F3); first come the classes and the orders (can 
ignore), then explicit representatives
the conjugacy classes of GSp4(F3), with [v(g),label,order(g),order(g in 
PSGp_4(F3))]
[ 1, 1, 1, 1 ]
[ 1, 2, 2, 1 ]
[ 1, 3, 2, 2 ]
[ -1, 4, 2, 2 ]
[ 1, 5, 3, 3 ]
[ 1, 6, 3, 3 ]
[ 1, 7, 3, 3 ]
[ -1, 8, 4, 2 ]
[ 1, 9, 4, 4 ]
[ 1, 10, 4, 2 ]
[ 1, 11, 4, 4 ]
[ 1, 12, 5, 5 ]
[ 1, 13, 6, 3 ]
[ 1, 14, 6, 3 ]
[ 1, 15, 6, 3 ]
[ 1, 16, 6, 6 ]
[ 1, 17, 6, 6 ]
[ 1, 18, 6, 6 ]
[ 1, 19, 6, 6 ]
[ -1, 20, 6, 6 ]
[ -1, 21, 8, 4 ]
[ -1, 22, 8, 4 ]
[ -1, 23, 8, 4 ]
[ 1, 24, 8, 4 ]
[ -1, 25, 8, 8 ]
[ -1, 26, 8, 8 ]
[ 1, 27, 9, 9 ]
[ 1, 28, 10, 5 ]
[ -1, 29, 12, 6 ]
[ -1, 30, 12, 6 ]
[ 1, 31, 12, 6 ]
[ 1, 32, 12, 12 ]
[ 1, 33, 12, 12 ]
[ 1, 34, 18, 9 ]
[ -1, 35, 20, 10 ]
[ -1, 36, 20, 10 ]
[ -1, 37, 24, 12 ]
[ -1, 38, 24, 12 ]
*********
the subset of the above which are regular semisimple
[ 1, 12, 5 ]
[ -1, 23, 8 ]
[ 1, 24, 8 ]
[ -1, 25, 8 ]
[ -1, 26, 8 ]
[ 1, 28, 10 ]
[ -1, 35, 20 ]
[ -1, 36, 20 ]
the classes and orders in Sp4
[0 1 0 0]
[0 0 0 2]
[1 1 0 2]
[0 0 1 2]
with order
5
[0 1 0 0]
[1 2 0 0]
[0 0 0 1]
[0 0 1 1]
with order
8
[0 1 0 0]
[0 0 0 2]
[1 2 0 2]
[0 0 1 1]
with order
10
the classes and orders in GSp4 minus Sp4
[0 0 0 1]
[0 0 1 0]
[0 1 2 0]
[1 0 0 1]
with order
8
[0 0 0 1]
[0 2 0 0]
[0 0 1 0]
[1 0 0 2]
with order
8
[0 0 0 1]
[0 2 0 0]
[0 0 1 0]
[1 0 0 1]
with order
8
[0 1 0 0]
[0 0 0 2]
[2 2 0 0]
[0 0 2 1]
with order
20
[0 1 0 0]
[0 0 0 2]
[2 1 0 0]
[0 0 2 2]
with order
20
16848
16848
26568
reproducing Whitmore's table plus more, 1 means is good
[Gamma', Gamma, reasonable, tidy, regular semisimple in Sp4, regular semisimple 
in GSp4 minus Sp4]
[ 80, 40, 1, 1, 1, 1 ]
<80, 29>
<40, 3>
[ 64, 32, 1, 1, 0, 1 ]
<64, 258>
<32, 50>
[ 64, 32, 1, 1, 1, 1 ]
<64, 258>
<32, 44>
[ 64, 32, 1, 1, 1, 1 ]
<64, 152>
<32, 8>
[ 64, 32, 1, 1, 1, 1 ]
<64, 152>
<32, 44>
[ 128, 64, 1, 0, 1, 1 ]
<128, 137>
<64, 37>
[ 128, 64, 1, 1, 1, 1 ]
<128, 142>
<64, 37>
[ 128, 64, 1, 1, 1, 1 ]
<128, 2023>
<64, 137>
[ 128, 64, 1, 0, 1, 1 ]
<128, 137>
<64, 137>
[ 192, 96, 0, 1, 1, 1 ]
<192, 1483>
<96, 191>
[ 192, 96, 1, 1, 0, 1 ]
<192, 1485>
<96, 202>
[ 192, 96, 0, 1, 1, 1 ]
<192, 965>
<96, 191>
[ 192, 96, 1, 1, 0, 1 ]
<192, 1018>
<96, 202>
[ 192, 96, 1, 1, 1, 1 ]
<192, 1485>
<96, 190>
[ 480, 240, 0, 1, 1, 1 ]
<480, 947>
<240, 89>
[ 480, 240, 1, 1, 1, 1 ]
<480, 948>
<240, 90>
[ 256, 128, 1, 1, 1, 1 ]
<256, 6671>
<128, 937>
[ 384, 192, 1, 1, 1, 1 ]
<384, 18045>
<192, 989>
[ 640, 320, 1, 0, 1, 1 ]
<640, 21454>
<320, 1581>
[ 768, 384, 1, 1, 1, 1 ]
<768, 1086054>
<384, 18130>
[ 768, 384, 1, 1, 1, 1 ]
<768, 1086054>
<384, 618>
[ 2880, 1440, 0, 1, 1, 1 ]
[ 2304, 1152, 1, 1, 1, 1 ]
[ 3840, 1920, 1, 1, 1, 1 ]
[ 103680, 51840, 1, 1, 1, 1 ]
***the number of groups satisfying all properties is***
15
